[02:33:54] [main/INFO]: Loading Minecraft 1.21.1 with Fabric Loader 0.16.5
[02:33:54] [main/INFO]: Loading 4 mods:
	- fabricloader 0.16.5
	   \-- mixinextras 0.4.1
	- java 21
	- minecraft 1.21.1
[02:33:54] [main/INFO]: SpongePowered MIXIN Subsystem Version=0.8.7 Source=file:/C:/Users/LPPC/.gradle/caches/modules-2/files-2.1/net.fabricmc/sponge-mixin/0.15.3+mixin.0.8.7/51ee0a44ab05f6fddd66b09e66b3a16904f9c55d/sponge-mixin-0.15.3+mixin.0.8.7.jar Service=Knot/Fabric Env=CLIENT
[02:33:55] [Datafixer Bootstrap/INFO]: 226 Datafixer optimizations took 276 milliseconds
[02:33:56] [main/WARN]: Failed to get system info for GL Caps
java.lang.IllegalStateException: Rendersystem called from wrong thread
	at com.mojang.blaze3d.systems.RenderSystem.constructThreadException(RenderSystem.java:140) ~[client-intermediary.jar:?]
	at com.mojang.blaze3d.systems.RenderSystem.assertOnRenderThread(RenderSystem.java:135) ~[client-intermediary.jar:?]
	at com.mojang.blaze3d.systems.RenderSystem.getCapsString(RenderSystem.java:527) ~[client-intermediary.jar:?]
	at net.minecraft.util.SystemDetails.addSection(SystemDetails.java:70) [client-intermediary.jar:?]
	at net.minecraft.client.MinecraftClient.addSystemDetailsToCrashReport(MinecraftClient.java:2547) [client-intermediary.jar:?]
	at net.minecraft.client.MinecraftClient.addSystemDetailsToCrashReport(MinecraftClient.java:2517) [client-intermediary.jar:?]
	at net.minecraft.client.main.Main.main(Main.java:210) [client-intermediary.jar:?]
	at net.fabricmc.loader.impl.game.minecraft.MinecraftGameProvider.launch(MinecraftGameProvider.java:480) [fabric-loader-0.16.5.jar:?]
	at net.fabricmc.loader.impl.launch.knot.Knot.launch(Knot.java:74) [fabric-loader-0.16.5.jar:?]
	at net.fabricmc.loader.impl.launch.knot.KnotClient.main(KnotClient.java:23) [fabric-loader-0.16.5.jar:?]
	at net.fabricmc.devlaunchinjector.Main.main(Main.java:86) [dev-launch-injector-0.2.1+build.8.jar:?]
